Using pre-set license
Built from '2021.3/staging' branch; Version is '2021.3.10f1 (1c7d0df0160b) revision 1867021'; Using compiler version '192829333'; Build Type 'Release'
OS: 'Windows 11  (10.0.22621) 64bit Core' Language: 'ko' Physical Memory: 7986 MB
BatchMode: 1, IsHumanControllingUs: 0, StartBugReporterOnCrash: 0, Is64bit: 1, IsPro: 1

COMMAND LINE ARGUMENTS:
C:\Program Files\Unity\Hub\Editor\2021.3.10f1\Editor\Unity.exe
-adb2
-batchMode
-noUpm
-name
AssetImportWorker0
-projectPath
C:/Users/open3/Desktop/WorkSpace/project_Editor/Project_Editor
-logFile
Logs/AssetImportWorker0.log
-srvPort
50738
Successfully changed project path to: C:/Users/open3/Desktop/WorkSpace/project_Editor/Project_Editor
C:/Users/open3/Desktop/WorkSpace/project_Editor/Project_Editor
[UnityMemory] Configuration Parameters - Can be set up in boot.config
    "memorysetup-bucket-allocator-granularity=16"
    "memorysetup-bucket-allocator-bucket-count=8"
    "memorysetup-bucket-allocator-block-size=33554432"
    "memorysetup-bucket-allocator-block-count=8"
    "memorysetup-main-allocator-block-size=16777216"
    "memorysetup-thread-allocator-block-size=16777216"
    "memorysetup-gfx-main-allocator-block-size=16777216"
    "memorysetup-gfx-thread-allocator-block-size=16777216"
    "memorysetup-cache-allocator-block-size=4194304"
    "memorysetup-typetree-allocator-block-size=2097152"
    "memorysetup-profiler-bucket-allocator-granularity=16"
    "memorysetup-profiler-bucket-allocator-bucket-count=8"
    "memorysetup-profiler-bucket-allocator-block-size=33554432"
    "memorysetup-profiler-bucket-allocator-block-count=8"
    "memorysetup-profiler-allocator-block-size=16777216"
    "memorysetup-profiler-editor-allocator-block-size=1048576"
    "memorysetup-temp-allocator-size-main=16777216"
    "memorysetup-job-temp-allocator-block-size=2097152"
    "memorysetup-job-temp-allocator-block-size-background=1048576"
    "memorysetup-job-temp-allocator-reduction-small-platforms=262144"
    "memorysetup-temp-allocator-size-background-worker=32768"
    "memorysetup-temp-allocator-size-job-worker=262144"
    "memorysetup-temp-allocator-size-preload-manager=33554432"
    "memorysetup-temp-allocator-size-nav-mesh-worker=65536"
    "memorysetup-temp-allocator-size-audio-worker=65536"
    "memorysetup-temp-allocator-size-cloud-worker=32768"
    "memorysetup-temp-allocator-size-gi-baking-worker=262144"
    "memorysetup-temp-allocator-size-gfx=262144"
Refreshing native plugins compatible for Editor in 202.53 ms, found 4 plugins.
Preloading 0 native plugins for Editor in 0.00 ms.
Initialize engine version: 2021.3.10f1 (1c7d0df0160b)
[Subsystems] Discovering subsystems at path C:/Program Files/Unity/Hub/Editor/2021.3.10f1/Editor/Data/Resources/UnitySubsystems
[Subsystems] Discovering subsystems at path C:/Users/open3/Desktop/WorkSpace/project_Editor/Project_Editor/Assets
GfxDevice: creating device client; threaded=0; jobified=0
Direct3D:
    Version:  Direct3D 11.0 [level 11.1]
    Renderer: Intel(R) UHD Graphics 620 (ID=0x3ea0)
    Vendor:   Intel
    VRAM:     3993 MB
    Driver:   25.20.100.6577
Initialize mono
Mono path[0] = 'C:/Program Files/Unity/Hub/Editor/2021.3.10f1/Editor/Data/Managed'
Mono path[1] = 'C:/Program Files/Unity/Hub/Editor/2021.3.10f1/Editor/Data/MonoBleedingEdge/lib/mono/unityjit-win32'
Mono config path = 'C:/Program Files/Unity/Hub/Editor/2021.3.10f1/Editor/Data/MonoBleedingEdge/etc'
Using monoOptions --debugger-agent=transport=dt_socket,embedding=1,server=y,suspend=n,address=127.0.0.1:56772
Begin MonoManager ReloadAssembly
Registering precompiled unity dll's ...
Register platform support module: C:/Program Files/Unity/Hub/Editor/2021.3.10f1/Editor/Data/PlaybackEngines/WindowsStandaloneSupport/UnityEditor.WindowsStandalone.Extensions.dll
Registered in 0.014463 seconds.
Native extension for WindowsStandalone target not found
Refreshing native plugins compatible for Editor in 138.73 ms, found 4 plugins.
Preloading 0 native plugins for Editor in 0.00 ms.
Mono: successfully reloaded assembly
- Completed reload, in  1.249 seconds
Domain Reload Profiling:
	ReloadAssembly (1249ms)
		BeginReloadAssembly (387ms)
			ExecutionOrderSort (0ms)
			DisableScriptedObjects (0ms)
			BackupInstance (0ms)
			ReleaseScriptingObjects (0ms)
			CreateAndSetChildDomain (1ms)
		EndReloadAssembly (691ms)
			LoadAssemblies (385ms)
			RebuildTransferFunctionScriptingTraits (0ms)
			SetupTypeCache (144ms)
			ReleaseScriptCaches (0ms)
			RebuildScriptCaches (50ms)
			SetupLoadedEditorAssemblies (420ms)
				LogAssemblyErrors (0ms)
				InitializePlatformSupportModulesInManaged (11ms)
				SetLoadedEditorAssemblies (0ms)
				RefreshPlugins (139ms)
				BeforeProcessingInitializeOnLoad (2ms)
				ProcessInitializeOnLoadAttributes (190ms)
				ProcessInitializeOnLoadMethodAttributes (78ms)
				AfterProcessingInitializeOnLoad (0ms)
				EditorAssembliesLoaded (0ms)
			ExecutionOrderSort2 (0ms)
			AwakeInstancesAfterBackupRestoration (0ms)
Platform modules already initialized, skipping
Registering precompiled user dll's ...
Registered in 0.047648 seconds.
Begin MonoManager ReloadAssembly
Symbol file LoadedFromMemory doesn't match image C:\Users\open3\Desktop\WorkSpace\project_Editor\Project_Editor\Library\PackageCache\com.unity.visualscripting@1.7.8\Editor\VisualScripting.Core\Dependencies\YamlDotNet\Unity.VisualScripting.YamlDotNet.dll
Symbol file LoadedFromMemory doesn't match image C:\Users\open3\Desktop\WorkSpace\project_Editor\Project_Editor\Library\PackageCache\com.unity.visualscripting@1.7.8\Editor\VisualScripting.Core\Dependencies\DotNetZip\Unity.VisualScripting.IonicZip.dll
Native extension for WindowsStandalone target not found
Refreshing native plugins compatible for Editor in 124.73 ms, found 4 plugins.
Preloading 0 native plugins for Editor in 0.00 ms.
Mono: successfully reloaded assembly
- Completed reload, in  2.269 seconds
Domain Reload Profiling:
	ReloadAssembly (2270ms)
		BeginReloadAssembly (246ms)
			ExecutionOrderSort (0ms)
			DisableScriptedObjects (12ms)
			BackupInstance (0ms)
			ReleaseScriptingObjects (0ms)
			CreateAndSetChildDomain (26ms)
		EndReloadAssembly (1800ms)
			LoadAssemblies (398ms)
			RebuildTransferFunctionScriptingTraits (0ms)
			SetupTypeCache (457ms)
			ReleaseScriptCaches (1ms)
			RebuildScriptCaches (75ms)
			SetupLoadedEditorAssemblies (838ms)
				LogAssemblyErrors (0ms)
				InitializePlatformSupportModulesInManaged (8ms)
				SetLoadedEditorAssemblies (0ms)
				RefreshPlugins (125ms)
				BeforeProcessingInitializeOnLoad (162ms)
				ProcessInitializeOnLoadAttributes (433ms)
				ProcessInitializeOnLoadMethodAttributes (91ms)
				AfterProcessingInitializeOnLoad (18ms)
				EditorAssembliesLoaded (0ms)
			ExecutionOrderSort2 (0ms)
			AwakeInstancesAfterBackupRestoration (17ms)
Platform modules already initialized, skipping
========================================================================
Worker process is ready to serve import requests
Launched and connected shader compiler UnityShaderCompiler.exe after 0.16 seconds
Refreshing native plugins compatible for Editor in 0.85 ms, found 4 plugins.
Preloading 0 native plugins for Editor in 0.00 ms.
Unloading 4068 Unused Serialized files (Serialized files now loaded: 0)
Unloading 44 unused Assets / (229.5 KB). Loaded Objects now: 4518.
Memory consumption went from 151.3 MB to 151.1 MB.
Total: 6.284600 ms (FindLiveObjects: 0.425900 ms CreateObjectMapping: 0.405700 ms MarkObjects: 5.148200 ms  DeleteObjects: 0.302600 ms)

AssetImportParameters requested are different than current active one (requested -> active):
  custom:video-decoder-ogg-theora: a1e56fd34408186e4bbccfd4996cb3dc -> 
  custom:container-muxer-webm: aa71ff27fc2769a1b78a27578f13a17b -> 
  custom:container-demuxer-webm: 4f35f7cbe854078d1ac9338744f61a02 -> 
  custom:video-encoder-webm-vp8: eb34c28f22e8b96e1ab97ce403110664 -> 
  custom:audio-encoder-webm-vorbis: bf7c407c2cedff20999df2af8eb42d56 -> 
  custom:framework-win-MediaFoundation: 216162199b28c13a410421893ffa2e32 -> 
  custom:container-demuxer-ogg: 62fdf1f143b41e24485cea50d1cbac27 -> 
  custom:video-decoder-webm-vp8: 9c59270c3fd7afecdb556c50c9e8de78 -> 
  custom:audio-decoder-ogg-vorbis: bf7c407c2cedff20999df2af8eb42d56 -> 
========================================================================
Received Import Request.
  Time since last request: 110148.216199 seconds.
  path: Assets/Scenes/PostProcess.unity
  artifactKey: Guid(f26b14ab617e2c84f84a19d780b9b2dc) Importer(815301076,1909f56bfc062723c751e8b465ee728b)
Start importing Assets/Scenes/PostProcess.unity using Guid(f26b14ab617e2c84f84a19d780b9b2dc) Importer(815301076,1909f56bfc062723c751e8b465ee728b)  -> (artifact id: 'fd1e1e09336cbbbf38cc31dc06b41f70') in 0.020866 seconds 
========================================================================
Received Import Request.
  Time since last request: 7.053668 seconds.
  path: Assets/Scenes/debugPostProcess.unity
  artifactKey: Guid(f26b14ab617e2c84f84a19d780b9b2dc) Importer(815301076,1909f56bfc062723c751e8b465ee728b)
Start importing Assets/Scenes/debugPostProcess.unity using Guid(f26b14ab617e2c84f84a19d780b9b2dc) Importer(815301076,1909f56bfc062723c751e8b465ee728b)  -> (artifact id: 'fbc535dec5cc0a2db7e7deb030dca65b') in 0.013487 seconds 
========================================================================
Received Import Request.
  Time since last request: 48.431641 seconds.
  path: Assets
  artifactKey: Guid(00000000000000001000000000000000) Importer(815301076,1909f56bfc062723c751e8b465ee728b)
Start importing Assets using Guid(00000000000000001000000000000000) Importer(815301076,1909f56bfc062723c751e8b465ee728b)  -> (artifact id: '79842766b460edbeab6a34051e857a80') in 0.016186 seconds 
========================================================================
Received Import Request.
  Time since last request: 10.246716 seconds.
  path: Assets/New Folder
  artifactKey: Guid(864c4ff988779b042a62d3034dac4fd2) Importer(815301076,1909f56bfc062723c751e8b465ee728b)
Start importing Assets/New Folder using Guid(864c4ff988779b042a62d3034dac4fd2) Importer(815301076,1909f56bfc062723c751e8b465ee728b)  -> (artifact id: '2ae3b1ab1edaa44bda0c55642cf5eaac') in 0.019820 seconds 
========================================================================
Received Import Request.
  Time since last request: 8.262748 seconds.
  path: Assets/Texture
  artifactKey: Guid(864c4ff988779b042a62d3034dac4fd2) Importer(815301076,1909f56bfc062723c751e8b465ee728b)
Start importing Assets/Texture using Guid(864c4ff988779b042a62d3034dac4fd2) Importer(815301076,1909f56bfc062723c751e8b465ee728b)  -> (artifact id: 'b0427a6e82234a80ab699737b5999908') in 0.014340 seconds 
========================================================================
Received Import Request.
  Time since last request: 4.684283 seconds.
  path: Assets/Textures
  artifactKey: Guid(864c4ff988779b042a62d3034dac4fd2) Importer(815301076,1909f56bfc062723c751e8b465ee728b)
Start importing Assets/Textures using Guid(864c4ff988779b042a62d3034dac4fd2) Importer(815301076,1909f56bfc062723c751e8b465ee728b)  -> (artifact id: '19f1f4d55fd024b31d72c65eb6a0cf4e') in 0.015151 seconds 
========================================================================
Received Import Request.
  Time since last request: 7.050049 seconds.
  path: Assets/Textures/New Render Texture.renderTexture
  artifactKey: Guid(f4eeeecdde6151345a447b73e64a0d8a) Importer(815301076,1909f56bfc062723c751e8b465ee728b)
Start importing Assets/Textures/New Render Texture.renderTexture using Guid(f4eeeecdde6151345a447b73e64a0d8a) Importer(815301076,1909f56bfc062723c751e8b465ee728b)  -> (artifact id: '75d2a518952424b92ff4a82748469d93') in 0.192081 seconds 
========================================================================
Received Import Request.
  Time since last request: 20.137232 seconds.
  path: Assets/Textures/Pixelerated.renderTexture
  artifactKey: Guid(f4eeeecdde6151345a447b73e64a0d8a) Importer(815301076,1909f56bfc062723c751e8b465ee728b)
Start importing Assets/Textures/Pixelerated.renderTexture using Guid(f4eeeecdde6151345a447b73e64a0d8a) Importer(815301076,1909f56bfc062723c751e8b465ee728b)  -> (artifact id: '93e88faaae945cf4d05bc77b875f396a') in 0.033117 seconds 
========================================================================
Received Import Request.
  Time since last request: 16.902811 seconds.
  path: Assets/Textures/Pixelated_Render_Texture.renderTexture
  artifactKey: Guid(f4eeeecdde6151345a447b73e64a0d8a) Importer(815301076,1909f56bfc062723c751e8b465ee728b)
Start importing Assets/Textures/Pixelated_Render_Texture.renderTexture using Guid(f4eeeecdde6151345a447b73e64a0d8a) Importer(815301076,1909f56bfc062723c751e8b465ee728b)  -> (artifact id: '19670c4c2aa804cb1e1d0de69899a2ce') in 0.032179 seconds 
========================================================================
Received Import Request.
  Time since last request: 1389.420249 seconds.
  path: Assets/Shaders
  artifactKey: Guid(2d427b4d366b4e043ad15fe17e03cafc) Importer(815301076,1909f56bfc062723c751e8b465ee728b)
Start importing Assets/Shaders using Guid(2d427b4d366b4e043ad15fe17e03cafc) Importer(815301076,1909f56bfc062723c751e8b465ee728b)  -> (artifact id: '576181a18d31ba993853e070b4b1b40a') in 0.012196 seconds 
========================================================================
Received Import Request.
  Time since last request: 41.853774 seconds.
  path: Assets/Shaders/NewUnlitShader.shader
  artifactKey: Guid(ce5a946bbed2fb049bb609d8f9d80272) Importer(815301076,1909f56bfc062723c751e8b465ee728b)
Start importing Assets/Shaders/NewUnlitShader.shader using Guid(ce5a946bbed2fb049bb609d8f9d80272) Importer(815301076,1909f56bfc062723c751e8b465ee728b)  -> (artifact id: '64a9d6af5ddb4a18253229a7926093d9') in 0.014651 seconds 
========================================================================
Received Import Request.
  Time since last request: 11.667583 seconds.
  path: Assets/Shaders/Cylinder.shader
  artifactKey: Guid(ce5a946bbed2fb049bb609d8f9d80272) Importer(815301076,1909f56bfc062723c751e8b465ee728b)
Start importing Assets/Shaders/Cylinder.shader using Guid(ce5a946bbed2fb049bb609d8f9d80272) Importer(815301076,1909f56bfc062723c751e8b465ee728b)  -> (artifact id: 'f2b097c65851d52c2a6781f59b6a43a9') in 0.012651 seconds 
========================================================================
Received Import Request.
  Time since last request: 8.361898 seconds.
  path: Assets/Shaders/CylinderImageEffect.shader
  artifactKey: Guid(ce5a946bbed2fb049bb609d8f9d80272) Importer(815301076,1909f56bfc062723c751e8b465ee728b)
Start importing Assets/Shaders/CylinderImageEffect.shader using Guid(ce5a946bbed2fb049bb609d8f9d80272) Importer(815301076,1909f56bfc062723c751e8b465ee728b)  -> (artifact id: 'c9dda8c398f9c96c54012fd835f870d8') in 0.012765 seconds 
========================================================================
Received Import Request.
  Time since last request: 66.077798 seconds.
  path: Assets/Shaders/CylinderImageEffect.shader
  artifactKey: Guid(ce5a946bbed2fb049bb609d8f9d80272) Importer(815301076,1909f56bfc062723c751e8b465ee728b)
Start importing Assets/Shaders/CylinderImageEffect.shader using Guid(ce5a946bbed2fb049bb609d8f9d80272) Importer(815301076,1909f56bfc062723c751e8b465ee728b)  -> (artifact id: '1cc9685b75b41c366aa8f0ec192451d9') in 0.017344 seconds 
========================================================================
Received Import Request.
  Time since last request: 122.472296 seconds.
  path: Assets/Render
  artifactKey: Guid(4b1d74e2d0cd60d42aa56c88f50c59d4) Importer(815301076,1909f56bfc062723c751e8b465ee728b)
Start importing Assets/Render using Guid(4b1d74e2d0cd60d42aa56c88f50c59d4) Importer(815301076,1909f56bfc062723c751e8b465ee728b)  -> (artifact id: 'e3c5791696f3a882de6ebb035c8424a6') in 0.013115 seconds 
========================================================================
Received Prepare
Registering precompiled user dll's ...
Registered in 0.020000 seconds.
Begin MonoManager ReloadAssembly
Symbol file LoadedFromMemory doesn't match image C:\Users\open3\Desktop\WorkSpace\project_Editor\Project_Editor\Library\PackageCache\com.unity.visualscripting@1.7.8\Editor\VisualScripting.Core\Dependencies\YamlDotNet\Unity.VisualScripting.YamlDotNet.dll
Symbol file LoadedFromMemory doesn't match image C:\Users\open3\Desktop\WorkSpace\project_Editor\Project_Editor\Library\PackageCache\com.unity.visualscripting@1.7.8\Editor\VisualScripting.Core\Dependencies\DotNetZip\Unity.VisualScripting.IonicZip.dll
Native extension for WindowsStandalone target not found
Refreshing native plugins compatible for Editor in 227.69 ms, found 4 plugins.
Preloading 0 native plugins for Editor in 0.00 ms.
Mono: successfully reloaded assembly
- Completed reload, in  2.627 seconds
Domain Reload Profiling:
	ReloadAssembly (2628ms)
		BeginReloadAssembly (462ms)
			ExecutionOrderSort (0ms)
			DisableScriptedObjects (41ms)
			BackupInstance (0ms)
			ReleaseScriptingObjects (0ms)
			CreateAndSetChildDomain (168ms)
		EndReloadAssembly (1964ms)
			LoadAssemblies (248ms)
			RebuildTransferFunctionScriptingTraits (0ms)
			SetupTypeCache (483ms)
			ReleaseScriptCaches (2ms)
			RebuildScriptCaches (82ms)
			SetupLoadedEditorAssemblies (1094ms)
				LogAssemblyErrors (0ms)
				InitializePlatformSupportModulesInManaged (21ms)
				SetLoadedEditorAssemblies (0ms)
				RefreshPlugins (228ms)
				BeforeProcessingInitializeOnLoad (148ms)
				ProcessInitializeOnLoadAttributes (494ms)
				ProcessInitializeOnLoadMethodAttributes (180ms)
				AfterProcessingInitializeOnLoad (22ms)
				EditorAssembliesLoaded (0ms)
			ExecutionOrderSort2 (0ms)
			AwakeInstancesAfterBackupRestoration (22ms)
Platform modules already initialized, skipping
